\BOOKMARK [1][-]{section.1}{\376\377\127\372\171\016}{}% 1
\BOOKMARK [2][-]{subsection.1.1}{\376\377\225\334\223\165\133\127\140\035\200\003}{section.1}% 2
\BOOKMARK [2][-]{subsection.1.2}{\376\377\000C\000+\000+\000\040\127\372\171\016}{section.1}% 3
\BOOKMARK [2][-]{subsection.1.3}{\376\377\000C\000+\000+\000\040\146\023\137\330\166\204\121\147\136\372\121\375\145\170}{section.1}% 4
\BOOKMARK [2][-]{subsection.1.4}{\376\377\000p\000y\000t\000h\000o\000n\000\040\136\070\165\050}{section.1}% 5
\BOOKMARK [1][-]{section.2}{\376\377\133\230\000-\145\170\133\170}{}% 6
\BOOKMARK [2][-]{subsection.2.1}{\376\377\142\176\126\340\145\170}{section.2}% 7
\BOOKMARK [2][-]{subsection.2.2}{\376\377\121\154\126\340\145\170}{section.2}% 8
\BOOKMARK [2][-]{subsection.2.3}{\376\377\154\102\134\016\145\170}{section.2}% 9
\BOOKMARK [2][-]{subsection.2.4}{\376\377\000S\000u\000m\000\040\000o\000f\000\040\000P\000r\000o\000d\000u\000c\000t}{section.2}% 10
\BOOKMARK [2][-]{subsection.2.5}{\376\377\154\325\221\314\145\170\122\027}{section.2}% 11
\BOOKMARK [1][-]{section.3}{\376\377\172\313\131\324\000-\136\176\117\125}{}% 12
\BOOKMARK [2][-]{subsection.3.1}{\376\377\000C\000e\000n\000t\000e\000r\000\040\000o\000f\000\040\000M\000a\000s\000s\000e\000s\000\040\000\050\000P\000o\000l\000y\000g\000o\000n\000\051}{section.3}% 13
\BOOKMARK [2][-]{subsection.3.2}{\376\377\000c\000o\000n\000v\000e\000x\000H\000u\000l\000l}{section.3}% 14
\BOOKMARK [2][-]{subsection.3.3}{\376\377\000I\000n\000t\000e\000r\000s\000e\000c\000t\000i\000o\000n\000\050\000L\000i\000n\000e\000\040\000a\000n\000d\000\040\000L\000i\000n\000e\000\051}{section.3}% 15
\BOOKMARK [2][-]{subsection.3.4}{\376\377\000I\000n\000t\000e\000r\000s\000e\000c\000t\000i\000o\000n\000\050\000L\000i\000n\000e\000\040\000a\000n\000d\000\040\000P\000o\000i\000n\000t\000\051}{section.3}% 16
\BOOKMARK [2][-]{subsection.3.5}{\376\377\000P\000a\000c\000k\000\040\000P\000o\000l\000y\000g\000o\000n\000\040\000C\000i\000r\000c\000l\000e}{section.3}% 17
\BOOKMARK [2][-]{subsection.3.6}{\376\377\000T\000w\000o\000\040\000P\000o\000i\000n\000t\000\040\000a\000n\000d\000\040\000C\000i\000r\000c\000l\000e}{section.3}% 18
\BOOKMARK [1][-]{section.4}{\376\377\172\313\131\324\000-\127\026\212\326}{}% 19
\BOOKMARK [2][-]{subsection.4.1}{\376\377\000K\000r\000u\000s\000k\000a\000l}{section.4}% 20
\BOOKMARK [2][-]{subsection.4.2}{\376\377\000S\000h\000o\000r\000t\000e\000s\000t\000\040\000P\000a\000t\000h}{section.4}% 21
\BOOKMARK [1][-]{section.5}{\376\377\131\047\210\133\000-\122\325\141\113\211\217\122\203}{}% 22
\BOOKMARK [2][-]{subsection.5.1}{\376\377\200\314\123\005\125\117\230\114}{section.5}% 23
\BOOKMARK [2][-]{subsection.5.2}{\376\377\000L\000C\000S}{section.5}% 24
\BOOKMARK [2][-]{subsection.5.3}{\376\377\000L\000I\000S}{section.5}% 25
\BOOKMARK [2][-]{subsection.5.4}{\376\377\175\004\164\137\131\053\125\117\230\114}{section.5}% 26
\BOOKMARK [1][-]{section.6}{\376\377\131\047\210\133\000-\127\026\212\326}{}% 27
\BOOKMARK [2][-]{subsection.6.1}{\376\377\000f\000l\000o\000y\000d\000\040\147\000\167\355\215\357\137\221}{section.6}% 28
\BOOKMARK [2][-]{subsection.6.2}{\376\377\147\000\134\017\165\037\142\020\152\071}{section.6}% 29
\BOOKMARK [2][-]{subsection.6.3}{\376\377\142\176\127\026\116\055\166\204\152\113\000\040\000f\000i\000n\000d\000\040\000b\000r\000i\000d\000g\000e}{section.6}% 30
\BOOKMARK [2][-]{subsection.6.4}{\376\377\142\323\152\070\143\222\136\217}{section.6}% 31
\BOOKMARK [2][-]{subsection.6.5}{\376\377\000C\000o\000m\000p\000o\000n\000e\000n\000t\000\040\000K\000o\000s\000a\000r\000a\000j\000u\000'\000s\000\040\000A\000l\000g\000o\000r\000i\000t\000h\000m\000\040\142\176\121\372\000\040\000S\000C\000C}{section.6}% 32
\BOOKMARK [2][-]{subsection.6.6}{\376\377\000T\000a\000r\000j\000a\000n\000'\000s\000\040\000A\000l\000g\000o\000r\000i\000t\000h\000m\000\040\142\176\121\372\000\040\000A\000C\000C}{section.6}% 33
\BOOKMARK [2][-]{subsection.6.7}{\376\377\000d\000i\000j\000k\000s\000t\000r\000a}{section.6}% 34
\BOOKMARK [2][-]{subsection.6.8}{\376\377\116\214\122\006\123\071\221\115\060\001\116\214\122\006\127\026}{section.6}% 35
\BOOKMARK [1][-]{section.7}{\376\377\131\047\210\133\000-\214\307\145\231\175\120\151\313}{}% 36
\BOOKMARK [2][-]{subsection.7.1}{\376\377\116\046\147\345\226\306}{section.7}% 37
\BOOKMARK [2][-]{subsection.7.2}{\376\377\175\332\153\265\152\071}{section.7}% 38
\BOOKMARK [1][-]{section.8}{\376\377\131\047\210\133\000-\133\127\116\062}{}% 39
\BOOKMARK [2][-]{subsection.8.1}{\376\377\000K\000M\000P}{section.8}% 40
\BOOKMARK [2][-]{subsection.8.2}{\376\377\147\000\167\355\117\356\145\071\215\335\226\342}{section.8}% 41
\BOOKMARK [2][-]{subsection.8.3}{\376\377\000S\000u\000f\000f\000i\000x\000\040\000A\000u\000t\000o\000m\000a\000t\000o\000n}{section.8}% 42
\BOOKMARK [2][-]{subsection.8.4}{\376\377\000s\000u\000f\000f\000i\000x\000\040\000t\000r\000e\000e}{section.8}% 43
