This is pdfTeX, Version 3.141592653-2.6-1.40.24 (MiKTeX 22.3) (preloaded format=pdflatex 2022.5.29)  26 JUN 2022 17:49
entering extended mode
 restricted \write18 enabled.
 %&-line parsing enabled.
**./notebook.tex
(notebook.tex
LaTeX2e <2021-11-15> patch level 1
L3 programming layer <2022-02-24>
(C:\Users\csasd\AppData\Local\Programs\MiKTeX\tex/latex/base\article.cls
Document Class: article 2021/10/04 v1.4n Standard LaTeX document class
(C:\Users\csasd\AppData\Local\Programs\MiKTeX\tex/latex/base\size10.clo
File: size10.clo 2021/10/04 v1.4n Standard LaTeX file (size option)
)
\c@part=\count185
\c@section=\count186
\c@subsection=\count187
\c@subsubsection=\count188
\c@paragraph=\count189
\c@subparagraph=\count190
\c@figure=\count191
\c@table=\count192
\abovecaptionskip=\skip47
\belowcaptionskip=\skip48
\bibindent=\dimen138
)
(C:\Users\csasd\AppData\Local\Programs\MiKTeX\tex/latex/cjk\CJKutf8.sty
Package: CJKutf8 2021/10/16 4.8.5

(C:\Users\csasd\AppData\Local\Programs\MiKTeX\tex/generic/iftex\ifpdf.sty
Package: ifpdf 2019/10/25 v3.4 ifpdf legacy package. Use iftex instead.

(C:\Users\csasd\AppData\Local\Programs\MiKTeX\tex/generic/iftex\iftex.sty
Package: iftex 2022/02/03 v1.0f TeX engine tests
))
(C:\Users\csasd\AppData\Local\Programs\MiKTeX\tex/latex/base\inputenc.sty
Package: inputenc 2021/02/14 v1.3d Input encoding file
\inpenc@prehook=\toks16
\inpenc@posthook=\toks17
)
(C:\Users\csasd\AppData\Local\Programs\MiKTeX\tex/latex/cjk\CJK.sty
Package: CJK 2021/10/16 4.8.5

(C:\Users\csasd\AppData\Local\Programs\MiKTeX\tex/latex/cjk/mule\MULEenc.sty
Package: MULEenc 2021/10/16 4.8.5
)
(C:\Users\csasd\AppData\Local\Programs\MiKTeX\tex/latex/cjk\CJK.enc
File: CJK.enc 2021/10/16 4.8.5
Now handling font encoding C00 ...
... no UTF-8 mapping file for font encoding C00
Now handling font encoding C05 ...
... no UTF-8 mapping file for font encoding C05
Now handling font encoding C09 ...
... no UTF-8 mapping file for font encoding C09
Now handling font encoding C10 ...
... no UTF-8 mapping file for font encoding C10
Now handling font encoding C20 ...
... no UTF-8 mapping file for font encoding C20
Now handling font encoding C19 ...
... no UTF-8 mapping file for font encoding C19
Now handling font encoding C40 ...
... no UTF-8 mapping file for font encoding C40
Now handling font encoding C42 ...
... no UTF-8 mapping file for font encoding C42
Now handling font encoding C43 ...
... no UTF-8 mapping file for font encoding C43
Now handling font encoding C50 ...
... no UTF-8 mapping file for font encoding C50
Now handling font encoding C52 ...
... no UTF-8 mapping file for font encoding C52
Now handling font encoding C49 ...
... no UTF-8 mapping file for font encoding C49
Now handling font encoding C60 ...
... no UTF-8 mapping file for font encoding C60
Now handling font encoding C61 ...
... no UTF-8 mapping file for font encoding C61
Now handling font encoding C63 ...
... no UTF-8 mapping file for font encoding C63
Now handling font encoding C64 ...
... no UTF-8 mapping file for font encoding C64
Now handling font encoding C65 ...
... no UTF-8 mapping file for font encoding C65
Now handling font encoding C70 ...
... no UTF-8 mapping file for font encoding C70
Now handling font encoding C31 ...
... no UTF-8 mapping file for font encoding C31
Now handling font encoding C32 ...
... no UTF-8 mapping file for font encoding C32
Now handling font encoding C33 ...
... no UTF-8 mapping file for font encoding C33
Now handling font encoding C34 ...
... no UTF-8 mapping file for font encoding C34
Now handling font encoding C35 ...
... no UTF-8 mapping file for font encoding C35
Now handling font encoding C36 ...
... no UTF-8 mapping file for font encoding C36
Now handling font encoding C37 ...
... no UTF-8 mapping file for font encoding C37
Now handling font encoding C80 ...
... no UTF-8 mapping file for font encoding C80
Now handling font encoding C81 ...
... no UTF-8 mapping file for font encoding C81
Now handling font encoding C01 ...
... no UTF-8 mapping file for font encoding C01
Now handling font encoding C11 ...
... no UTF-8 mapping file for font encoding C11
Now handling font encoding C21 ...
... no UTF-8 mapping file for font encoding C21
Now handling font encoding C41 ...
... no UTF-8 mapping file for font encoding C41
Now handling font encoding C62 ...
... no UTF-8 mapping file for font encoding C62
)
\CJK@indent=\box50
)
(C:\Users\csasd\AppData\Local\Programs\MiKTeX\tex/latex/base\fontenc.sty
Package: fontenc 2021/04/29 v2.0v Standard LaTeX package
))
(C:\Users\csasd\AppData\Local\Programs\MiKTeX\tex/latex/geometry\geometry.sty
Package: geometry 2020/01/02 v5.9 Page Geometry

(C:\Users\csasd\AppData\Local\Programs\MiKTeX\tex/latex/graphics\keyval.sty
Package: keyval 2014/10/28 v1.15 key=value parser (DPC)
\KV@toks@=\toks18
)
(C:\Users\csasd\AppData\Local\Programs\MiKTeX\tex/generic/iftex\ifvtex.sty
Package: ifvtex 2019/10/25 v1.7 ifvtex legacy package. Use iftex instead.
)
\Gm@cnth=\count193
\Gm@cntv=\count194
\c@Gm@tempcnt=\count195
\Gm@bindingoffset=\dimen139
\Gm@wd@mp=\dimen140
\Gm@odd@mp=\dimen141
\Gm@even@mp=\dimen142
\Gm@layoutwidth=\dimen143
\Gm@layoutheight=\dimen144
\Gm@layouthoffset=\dimen145
\Gm@layoutvoffset=\dimen146
\Gm@dimlist=\toks19

(C:\Users\csasd\AppData\Local\Programs\MiKTeX\tex/latex/geometry\geometry.cfg))
(C:\Users\csasd\AppData\Local\Programs\MiKTeX\tex/latex/hyperref\hyperref.sty
Package: hyperref 2022-02-21 v7.00n Hypertext links for LaTeX

(C:\Users\csasd\AppData\Local\Programs\MiKTeX\tex/generic/ltxcmds\ltxcmds.sty
Package: ltxcmds 2020-05-10 v1.25 LaTeX kernel commands for general use (HO)
)
(C:\Users\csasd\AppData\Local\Programs\MiKTeX\tex/generic/pdftexcmds\pdftexcmds
.sty
Package: pdftexcmds 2020-06-27 v0.33 Utility functions of pdfTeX for LuaTeX (HO
)

(C:\Users\csasd\AppData\Local\Programs\MiKTeX\tex/generic/infwarerr\infwarerr.s
ty
Package: infwarerr 2019/12/03 v1.5 Providing info/warning/error messages (HO)
)
Package pdftexcmds Info: \pdf@primitive is available.
Package pdftexcmds Info: \pdf@ifprimitive is available.
Package pdftexcmds Info: \pdfdraftmode found.
)
(C:\Users\csasd\AppData\Local\Programs\MiKTeX\tex/generic/kvsetkeys\kvsetkeys.s
ty
Package: kvsetkeys 2019/12/15 v1.18 Key value parser (HO)
)
(C:\Users\csasd\AppData\Local\Programs\MiKTeX\tex/generic/kvdefinekeys\kvdefine
keys.sty
Package: kvdefinekeys 2019-12-19 v1.6 Define keys (HO)
)
(C:\Users\csasd\AppData\Local\Programs\MiKTeX\tex/generic/pdfescape\pdfescape.s
ty
Package: pdfescape 2019/12/09 v1.15 Implements pdfTeX's escape features (HO)
) (C:\Users\csasd\AppData\Local\Programs\MiKTeX\tex/latex/hycolor\hycolor.sty
Package: hycolor 2020-01-27 v1.10 Color options for hyperref/bookmark (HO)
)
(C:\Users\csasd\AppData\Local\Programs\MiKTeX\tex/latex/letltxmacro\letltxmacro
.sty
Package: letltxmacro 2019/12/03 v1.6 Let assignment for LaTeX macros (HO)
)
(C:\Users\csasd\AppData\Local\Programs\MiKTeX\tex/latex/auxhook\auxhook.sty
Package: auxhook 2019-12-17 v1.6 Hooks for auxiliary files (HO)
)
(C:\Users\csasd\AppData\Local\Programs\MiKTeX\tex/latex/kvoptions\kvoptions.sty
Package: kvoptions 2020-10-07 v3.14 Key value format for package options (HO)
)
\@linkdim=\dimen147
\Hy@linkcounter=\count196
\Hy@pagecounter=\count197
 (C:\Users\csasd\AppData\Local\Programs\MiKTeX\tex/latex/hyperref\pd1enc.def
File: pd1enc.def 2022-02-21 v7.00n Hyperref: PDFDocEncoding definition (HO)
Now handling font encoding PD1 ...
... no UTF-8 mapping file for font encoding PD1
)
(C:\Users\csasd\AppData\Local\Programs\MiKTeX\tex/generic/intcalc\intcalc.sty
Package: intcalc 2019/12/15 v1.3 Expandable calculations with integers (HO)
)
(C:\Users\csasd\AppData\Local\Programs\MiKTeX\tex/generic/etexcmds\etexcmds.sty
Package: etexcmds 2019/12/15 v1.7 Avoid name clashes with e-TeX commands (HO)
)
\Hy@SavedSpaceFactor=\count198
 (C:\Users\csasd\AppData\Local\Programs\MiKTeX\tex/latex/hyperref\puenc.def
File: puenc.def 2022-02-21 v7.00n Hyperref: PDF Unicode definition (HO)
Now handling font encoding PU ...
... no UTF-8 mapping file for font encoding PU
)
Package hyperref Info: Hyper figures OFF on input line 4137.
Package hyperref Info: Link nesting OFF on input line 4142.
Package hyperref Info: Hyper index ON on input line 4145.
Package hyperref Info: Plain pages OFF on input line 4152.
Package hyperref Info: Backreferencing OFF on input line 4157.
Package hyperref Info: Implicit mode ON; LaTeX internals redefined.
Package hyperref Info: Bookmarks ON on input line 4390.
\c@Hy@tempcnt=\count199

(C:\Users\csasd\AppData\Local\Programs\MiKTeX\tex/latex/url\url.sty
\Urlmuskip=\muskip16
Package: url 2013/09/16  ver 3.4  Verb mode for urls, etc.
)
LaTeX Info: Redefining \url on input line 4749.
\XeTeXLinkMargin=\dimen148

(C:\Users\csasd\AppData\Local\Programs\MiKTeX\tex/generic/bitset\bitset.sty
Package: bitset 2019/12/09 v1.3 Handle bit-vector datatype (HO)

(C:\Users\csasd\AppData\Local\Programs\MiKTeX\tex/generic/bigintcalc\bigintcalc
.sty
Package: bigintcalc 2019/12/15 v1.5 Expandable calculations on big integers (HO
)
))
\Fld@menulength=\count266
\Field@Width=\dimen149
\Fld@charsize=\dimen150
Package hyperref Info: Hyper figures OFF on input line 6027.
Package hyperref Info: Link nesting OFF on input line 6032.
Package hyperref Info: Hyper index ON on input line 6035.
Package hyperref Info: backreferencing OFF on input line 6042.
Package hyperref Info: Link coloring OFF on input line 6047.
Package hyperref Info: Link coloring with OCG OFF on input line 6052.
Package hyperref Info: PDF/A mode OFF on input line 6057.
LaTeX Info: Redefining \ref on input line 6097.
LaTeX Info: Redefining \pageref on input line 6101.

(C:\Users\csasd\AppData\Local\Programs\MiKTeX\tex/latex/base\atbegshi-ltx.sty
Package: atbegshi-ltx 2021/01/10 v1.0c Emulation of the original atbegshi
package with kernel methods
)
\Hy@abspage=\count267
\c@Item=\count268
\c@Hfootnote=\count269
)
Package hyperref Info: Driver (autodetected): hpdftex.
(C:\Users\csasd\AppData\Local\Programs\MiKTeX\tex/latex/hyperref\hpdftex.def
File: hpdftex.def 2022-02-21 v7.00n Hyperref driver for pdfTeX

(C:\Users\csasd\AppData\Local\Programs\MiKTeX\tex/latex/base\atveryend-ltx.sty
Package: atveryend-ltx 2020/08/19 v1.0a Emulation of the original atveryend pac
kage
with kernel methods
)
\Fld@listcount=\count270
\c@bookmark@seq@number=\count271

(C:\Users\csasd\AppData\Local\Programs\MiKTeX\tex/latex/rerunfilecheck\rerunfil
echeck.sty
Package: rerunfilecheck 2019/12/05 v1.9 Rerun checks for auxiliary files (HO)

(C:\Users\csasd\AppData\Local\Programs\MiKTeX\tex/generic/uniquecounter\uniquec
ounter.sty
Package: uniquecounter 2019/12/15 v1.4 Provide unlimited unique counter (HO)
)
Package uniquecounter Info: New unique counter `rerunfilecheck' on input line 2
86.
)
\Hy@SectionHShift=\skip49
)
(C:\Users\csasd\AppData\Local\Programs\MiKTeX\tex/latex/fancyhdr\fancyhdr.sty
Package: fancyhdr 2022/05/18 v4.0.3 Extensive control of page headers and foote
rs
\f@nch@headwidth=\skip50
\f@nch@O@elh=\skip51
\f@nch@O@erh=\skip52
\f@nch@O@olh=\skip53
\f@nch@O@orh=\skip54
\f@nch@O@elf=\skip55
\f@nch@O@erf=\skip56
\f@nch@O@olf=\skip57
\f@nch@O@orf=\skip58
)
(C:\Users\csasd\AppData\Local\Programs\MiKTeX\tex/latex/listings\listings.sty
\lst@mode=\count272
\lst@gtempboxa=\box51
\lst@token=\toks20
\lst@length=\count273
\lst@currlwidth=\dimen151
\lst@column=\count274
\lst@pos=\count275
\lst@lostspace=\dimen152
\lst@width=\dimen153
\lst@newlines=\count276
\lst@lineno=\count277
\lst@maxwidth=\dimen154

(C:\Users\csasd\AppData\Local\Programs\MiKTeX\tex/latex/listings\lstmisc.sty
File: lstmisc.sty 2020/03/24 1.8d (Carsten Heinz)
\c@lstnumber=\count278
\lst@skipnumbers=\count279
\lst@framebox=\box52
)
(C:\Users\csasd\AppData\Local\Programs\MiKTeX\tex/latex/listings\listings.cfg
File: listings.cfg 2020/03/24 1.8d listings configuration
))
Package: listings 2020/03/24 1.8d (Carsten Heinz)
(C:\Users\csasd\AppData\Local\Programs\MiKTeX\tex/latex/xcolor\xcolor.sty
Package: xcolor 2021/10/31 v2.13 LaTeX color extensions (UK)

(C:\Users\csasd\AppData\Local\Programs\MiKTeX\tex/latex/graphics-cfg\color.cfg
File: color.cfg 2016/01/02 v1.6 sample color configuration
)
Package xcolor Info: Driver file: pdftex.def on input line 227.

(C:\Users\csasd\AppData\Local\Programs\MiKTeX\tex/latex/graphics-def\pdftex.def
File: pdftex.def 2020/10/05 v1.2a Graphics/color driver for pdftex
)
Package xcolor Info: Model `cmy' substituted by `cmy0' on input line 1352.
Package xcolor Info: Model `hsb' substituted by `rgb' on input line 1356.
Package xcolor Info: Model `RGB' extended on input line 1368.
Package xcolor Info: Model `HTML' substituted by `rgb' on input line 1370.
Package xcolor Info: Model `Hsb' substituted by `hsb' on input line 1371.
Package xcolor Info: Model `tHsb' substituted by `hsb' on input line 1372.
Package xcolor Info: Model `HSB' substituted by `hsb' on input line 1373.
Package xcolor Info: Model `Gray' substituted by `gray' on input line 1374.
Package xcolor Info: Model `wave' substituted by `hsb' on input line 1375.
) (C:\Users\csasd\AppData\Local\Programs\MiKTeX\tex/latex/tocloft\tocloft.sty
Package: tocloft 2017/08/31 v2.3i parameterised ToC, etc., typesetting
Package tocloft Info: The document has section divisions on input line 51.
\cftparskip=\skip59
\cftbeforetoctitleskip=\skip60
\cftaftertoctitleskip=\skip61
\cftbeforepartskip=\skip62
\cftpartnumwidth=\skip63
\cftpartindent=\skip64
\cftbeforesecskip=\skip65
\cftsecindent=\skip66
\cftsecnumwidth=\skip67
\cftbeforesubsecskip=\skip68
\cftsubsecindent=\skip69
\cftsubsecnumwidth=\skip70
\cftbeforesubsubsecskip=\skip71
\cftsubsubsecindent=\skip72
\cftsubsubsecnumwidth=\skip73
\cftbeforeparaskip=\skip74
\cftparaindent=\skip75
\cftparanumwidth=\skip76
\cftbeforesubparaskip=\skip77
\cftsubparaindent=\skip78
\cftsubparanumwidth=\skip79
\cftbeforeloftitleskip=\skip80
\cftafterloftitleskip=\skip81
\cftbeforefigskip=\skip82
\cftfigindent=\skip83
\cftfignumwidth=\skip84
\c@lofdepth=\count280
\c@lotdepth=\count281
\cftbeforelottitleskip=\skip85
\cftafterlottitleskip=\skip86
\cftbeforetabskip=\skip87
\cfttabindent=\skip88
\cfttabnumwidth=\skip89
)
(C:\Users\csasd\AppData\Local\Programs\MiKTeX\tex/latex/pdflscape\pdflscape.sty
Package: pdflscape 2019/12/05 v0.12 Display of landscape pages in PDF (HO)
(C:\Users\csasd\AppData\Local\Programs\MiKTeX\tex/latex/graphics\lscape.sty
Package: lscape 2020/05/28 v3.02 Landscape Pages (DPC)

(C:\Users\csasd\AppData\Local\Programs\MiKTeX\tex/latex/graphics\graphics.sty
Package: graphics 2021/03/04 v1.4d Standard LaTeX Graphics (DPC,SPQR)

(C:\Users\csasd\AppData\Local\Programs\MiKTeX\tex/latex/graphics\trig.sty
Package: trig 2021/08/11 v1.11 sin cos tan (DPC)
)
(C:\Users\csasd\AppData\Local\Programs\MiKTeX\tex/latex/graphics-cfg\graphics.c
fg
File: graphics.cfg 2016/06/04 v1.11 sample graphics configuration
)
Package graphics Info: Driver file: pdftex.def on input line 107.
))
Package pdflscape Info: Auto-detected driver: pdftex on input line 81.
)
(C:\Users\csasd\AppData\Local\Programs\MiKTeX\tex/latex/tools\multicol.sty
Package: multicol 2021/10/28 v1.9b multicolumn formatting (FMi)
\c@tracingmulticols=\count282
\mult@box=\box53
\multicol@leftmargin=\dimen155
\c@unbalance=\count283
\c@collectmore=\count284
\doublecol@number=\count285
\multicoltolerance=\count286
\multicolpretolerance=\count287
\full@width=\dimen156
\page@free=\dimen157
\premulticols=\dimen158
\postmulticols=\dimen159
\multicolsep=\skip90
\multicolbaselineskip=\skip91
\partial@page=\box54
\last@line=\box55
\maxbalancingoverflow=\dimen160
\mult@rightbox=\box56
\mult@grightbox=\box57
\mult@firstbox=\box58
\mult@gfirstbox=\box59
\@tempa=\box60
\@tempa=\box61
\@tempa=\box62
\@tempa=\box63
\@tempa=\box64
\@tempa=\box65
\@tempa=\box66
\@tempa=\box67
\@tempa=\box68
\@tempa=\box69
\@tempa=\box70
\@tempa=\box71
\@tempa=\box72
\@tempa=\box73
\@tempa=\box74
\@tempa=\box75
\@tempa=\box76
\@tempa=\box77
\@tempa=\box78
\@tempa=\box79
\@tempa=\box80
\@tempa=\box81
\@tempa=\box82
\@tempa=\box83
\@tempa=\box84
\@tempa=\box85
\@tempa=\box86
\@tempa=\box87
\@tempa=\box88
\@tempa=\box89
\@tempa=\box90
\@tempa=\box91
\@tempa=\box92
\@tempa=\box93
\@tempa=\box94
\@tempa=\box95
\c@minrows=\count288
\c@columnbadness=\count289
\c@finalcolumnbadness=\count290
\last@try=\dimen161
\multicolovershoot=\dimen162
\multicolundershoot=\dimen163
\mult@nat@firstbox=\box96
\colbreak@box=\box97
\mc@col@check@num=\count291
)
(C:\Users\csasd\AppData\Local\Programs\MiKTeX\tex/latex/amsmath\amsmath.sty
Package: amsmath 2021/10/15 v2.17l AMS math features
\@mathmargin=\skip92

For additional information on amsmath, use the `?' option.
(C:\Users\csasd\AppData\Local\Programs\MiKTeX\tex/latex/amsmath\amstext.sty
Package: amstext 2021/08/26 v2.01 AMS text

(C:\Users\csasd\AppData\Local\Programs\MiKTeX\tex/latex/amsmath\amsgen.sty
File: amsgen.sty 1999/11/30 v2.0 generic functions
\@emptytoks=\toks21
\ex@=\dimen164
))
(C:\Users\csasd\AppData\Local\Programs\MiKTeX\tex/latex/amsmath\amsbsy.sty
Package: amsbsy 1999/11/29 v1.2d Bold Symbols
\pmbraise@=\dimen165
)
(C:\Users\csasd\AppData\Local\Programs\MiKTeX\tex/latex/amsmath\amsopn.sty
Package: amsopn 2021/08/26 v2.02 operator names
)
\inf@bad=\count292
LaTeX Info: Redefining \frac on input line 234.
\uproot@=\count293
\leftroot@=\count294
LaTeX Info: Redefining \overline on input line 399.
\classnum@=\count295
\DOTSCASE@=\count296
LaTeX Info: Redefining \ldots on input line 496.
LaTeX Info: Redefining \dots on input line 499.
LaTeX Info: Redefining \cdots on input line 620.
\Mathstrutbox@=\box98
\strutbox@=\box99
\big@size=\dimen166
LaTeX Font Info:    Redeclaring font encoding OML on input line 743.
LaTeX Font Info:    Redeclaring font encoding OMS on input line 744.
\macc@depth=\count297
\c@MaxMatrixCols=\count298
\dotsspace@=\muskip17
\c@parentequation=\count299
\dspbrk@lvl=\count300
\tag@help=\toks22
\row@=\count301
\column@=\count302
\maxfields@=\count303
\andhelp@=\toks23
\eqnshift@=\dimen167
\alignsep@=\dimen168
\tagshift@=\dimen169
\tagwidth@=\dimen170
\totwidth@=\dimen171
\lineht@=\dimen172
\@envbody=\toks24
\multlinegap=\skip93
\multlinetaggap=\skip94
\mathdisplay@stack=\toks25
LaTeX Info: Redefining \[ on input line 2938.
LaTeX Info: Redefining \] on input line 2939.
)
(C:\Users\csasd\AppData\Local\Programs\MiKTeX\tex/latex/l3backend\l3backend-pdf
tex.def
File: l3backend-pdftex.def 2022-02-07 L3 backend support: PDF output (pdfTeX)
\l__color_backend_stack_int=\count304
\l__pdf_internal_box=\box100
) (notebook.aux)
\openout1 = `notebook.aux'.

LaTeX Font Info:    Checking defaults for OML/cmm/m/it on input line 79.
LaTeX Font Info:    ... okay on input line 79.
LaTeX Font Info:    Checking defaults for OMS/cmsy/m/n on input line 79.
LaTeX Font Info:    ... okay on input line 79.
LaTeX Font Info:    Checking defaults for OT1/cmr/m/n on input line 79.
LaTeX Font Info:    ... okay on input line 79.
LaTeX Font Info:    Checking defaults for T1/cmr/m/n on input line 79.
LaTeX Font Info:    ... okay on input line 79.
LaTeX Font Info:    Checking defaults for TS1/cmr/m/n on input line 79.
LaTeX Font Info:    ... okay on input line 79.
LaTeX Font Info:    Checking defaults for OMX/cmex/m/n on input line 79.
LaTeX Font Info:    ... okay on input line 79.
LaTeX Font Info:    Checking defaults for U/cmr/m/n on input line 79.
LaTeX Font Info:    ... okay on input line 79.
LaTeX Font Info:    Checking defaults for C00/song/m/n on input line 79.
LaTeX Font Info:    ... okay on input line 79.
LaTeX Font Info:    Checking defaults for C05/song/m/n on input line 79.
LaTeX Font Info:    ... okay on input line 79.
LaTeX Font Info:    Checking defaults for C09/song/m/n on input line 79.
LaTeX Font Info:    ... okay on input line 79.
LaTeX Font Info:    Checking defaults for C10/song/m/n on input line 79.
LaTeX Font Info:    ... okay on input line 79.
LaTeX Font Info:    Checking defaults for C20/song/m/n on input line 79.
LaTeX Font Info:    ... okay on input line 79.
LaTeX Font Info:    Checking defaults for C19/song/m/n on input line 79.
LaTeX Font Info:    ... okay on input line 79.
LaTeX Font Info:    Checking defaults for C40/song/m/n on input line 79.
LaTeX Font Info:    ... okay on input line 79.
LaTeX Font Info:    Checking defaults for C42/song/m/n on input line 79.
LaTeX Font Info:    ... okay on input line 79.
LaTeX Font Info:    Checking defaults for C43/song/m/n on input line 79.
LaTeX Font Info:    ... okay on input line 79.
LaTeX Font Info:    Checking defaults for C50/song/m/n on input line 79.
LaTeX Font Info:    ... okay on input line 79.
LaTeX Font Info:    Checking defaults for C52/song/m/n on input line 79.
LaTeX Font Info:    ... okay on input line 79.
LaTeX Font Info:    Checking defaults for C49/song/m/n on input line 79.
LaTeX Font Info:    ... okay on input line 79.
LaTeX Font Info:    Checking defaults for C60/mj/m/n on input line 79.
LaTeX Font Info:    ... okay on input line 79.
LaTeX Font Info:    Checking defaults for C61/mj/m/n on input line 79.
LaTeX Font Info:    ... okay on input line 79.
LaTeX Font Info:    Checking defaults for C63/mj/m/n on input line 79.
LaTeX Font Info:    ... okay on input line 79.
LaTeX Font Info:    Checking defaults for C64/mj/m/n on input line 79.
LaTeX Font Info:    ... okay on input line 79.
LaTeX Font Info:    Checking defaults for C65/mj/m/n on input line 79.
LaTeX Font Info:    ... okay on input line 79.
LaTeX Font Info:    Checking defaults for C70/song/m/n on input line 79.
LaTeX Font Info:    ... okay on input line 79.
LaTeX Font Info:    Checking defaults for C31/song/m/n on input line 79.
LaTeX Font Info:    ... okay on input line 79.
LaTeX Font Info:    Checking defaults for C32/song/m/n on input line 79.
LaTeX Font Info:    ... okay on input line 79.
LaTeX Font Info:    Checking defaults for C33/song/m/n on input line 79.
LaTeX Font Info:    ... okay on input line 79.
LaTeX Font Info:    Checking defaults for C34/song/m/n on input line 79.
LaTeX Font Info:    ... okay on input line 79.
LaTeX Font Info:    Checking defaults for C35/song/m/n on input line 79.
LaTeX Font Info:    ... okay on input line 79.
LaTeX Font Info:    Checking defaults for C36/song/m/n on input line 79.
LaTeX Font Info:    ... okay on input line 79.
LaTeX Font Info:    Checking defaults for C37/song/m/n on input line 79.
LaTeX Font Info:    ... okay on input line 79.
LaTeX Font Info:    Checking defaults for C80/song/m/n on input line 79.
LaTeX Font Info:    ... okay on input line 79.
LaTeX Font Info:    Checking defaults for C81/song/m/n on input line 79.
LaTeX Font Info:    ... okay on input line 79.
LaTeX Font Info:    Checking defaults for C01/song/m/n on input line 79.
LaTeX Font Info:    ... okay on input line 79.
LaTeX Font Info:    Checking defaults for C11/song/m/n on input line 79.
LaTeX Font Info:    ... okay on input line 79.
LaTeX Font Info:    Checking defaults for C21/song/m/n on input line 79.
LaTeX Font Info:    ... okay on input line 79.
LaTeX Font Info:    Checking defaults for C41/song/m/n on input line 79.
LaTeX Font Info:    ... okay on input line 79.
LaTeX Font Info:    Checking defaults for C62/song/m/n on input line 79.
LaTeX Font Info:    ... okay on input line 79.
LaTeX Font Info:    Checking defaults for PD1/pdf/m/n on input line 79.
LaTeX Font Info:    ... okay on input line 79.
LaTeX Font Info:    Checking defaults for PU/pdf/m/n on input line 79.
LaTeX Font Info:    ... okay on input line 79.

*geometry* driver: auto-detecting
*geometry* detected driver: pdftex
*geometry* verbose mode - [ preamble ] result:
* driver: pdftex
* paper: <default>
* layout: <same size as paper>
* layoutoffset:(h,v)=(0.0pt,0.0pt)
* modes: 
* h-part:(L,W,R)=(28.90755pt, 556.4799pt, 28.90755pt)
* v-part:(T,H,B)=(50.58878pt, 715.47366pt, 28.90755pt)
* \paperwidth=614.295pt
* \paperheight=794.96999pt
* \textwidth=556.4799pt
* \textheight=715.47366pt
* \oddsidemargin=-43.36244pt
* \evensidemargin=-43.36244pt
* \topmargin=-58.68121pt
* \headheight=12.0pt
* \headsep=25.0pt
* \topskip=10.0pt
* \footskip=30.0pt
* \marginparwidth=65.0pt
* \marginparsep=11.0pt
* \columnsep=10.0pt
* \skip\footins=9.0pt plus 4.0pt minus 2.0pt
* \hoffset=0.0pt
* \voffset=0.0pt
* \mag=1000
* \@twocolumnfalse
* \@twosidefalse
* \@mparswitchfalse
* \@reversemarginfalse
* (1in=72.27pt=25.4mm, 1cm=28.453pt)

Package hyperref Info: Link coloring OFF on input line 79.
(C:\Users\csasd\AppData\Local\Programs\MiKTeX\tex/latex/hyperref\nameref.sty
Package: nameref 2021-04-02 v2.47 Cross-referencing by name of section

(C:\Users\csasd\AppData\Local\Programs\MiKTeX\tex/latex/refcount\refcount.sty
Package: refcount 2019/12/15 v3.6 Data extraction from label references (HO)
)
(C:\Users\csasd\AppData\Local\Programs\MiKTeX\tex/generic/gettitlestring\gettit
lestring.sty
Package: gettitlestring 2019/12/15 v1.6 Cleanup title references (HO)
)
\c@section@level=\count305
)
LaTeX Info: Redefining \ref on input line 79.
LaTeX Info: Redefining \pageref on input line 79.
LaTeX Info: Redefining \nameref on input line 79.
 (notebook.out) (notebook.out)
\@outlinefile=\write3
\openout3 = `notebook.out'.

\c@lstlisting=\count306

(C:\Users\csasd\AppData\Local\Programs\MiKTeX\tex/context/base/mkii\supp-pdf.mk
ii
[Loading MPS to PDF converter (version 2006.09.02).]
\scratchcounter=\count307
\scratchdimen=\dimen173
\scratchbox=\box101
\nofMPsegments=\count308
\nofMParguments=\count309
\everyMPshowfont=\toks26
\MPscratchCnt=\count310
\MPscratchDim=\dimen174
\MPnumerator=\count311
\makeMPintoPDFobject=\count312
\everyMPtoPDFconversion=\toks27
)
(C:\Users\csasd\AppData\Local\Programs\MiKTeX\tex/latex/epstopdf-pkg\epstopdf-b
ase.sty
Package: epstopdf-base 2020-01-24 v2.11 Base part for package epstopdf
Package epstopdf-base Info: Redefining graphics rule for `.eps' on input line 4
85.

(C:\Users\csasd\AppData\Local\Programs\MiKTeX\tex/latex/00miktex\epstopdf-sys.c
fg
File: epstopdf-sys.cfg 2021/03/18 v2.0 Configuration of epstopdf for MiKTeX
)) (C:\Users\csasd\AppData\Local\Programs\MiKTeX\tex/latex/cjk/UTF8\UTF8.bdg
File: UTF8.bdg 2021/10/16 4.8.5
) (C:\Users\csasd\AppData\Local\Programs\MiKTeX\tex/latex/cjk/UTF8\UTF8.enc
File: UTF8.enc 2021/10/16 4.8.5
)
(C:\Users\csasd\AppData\Local\Programs\MiKTeX\tex/latex/cjk/UTF8\UTF8.chr
File: UTF8.chr 2021/10/16 4.8.5
)
(notebook.toc
LaTeX Font Info:    Trying to load font information for C70+bsmi on input line 
1.

(C:\Users\csasd\AppData\Local\Programs\MiKTeX\tex/latex/cjk/UTF8\c70bsmi.fd
File: c70bsmi.fd 2021/10/16 4.8.5
)
(C:\Users\csasd\AppData\Local\Programs\MiKTeX\tex/latex/cjk/UTF8\c70bsmi.fdx
File: c70bsmi.fdx 2021/10/16 4.8.5
))
\tf@toc=\write4
\openout4 = `notebook.toc'.


(contents.tex
Package hyperref Info: bookmark level for unknown lstlisting defaults to 0 on i
nput line 3.
LaTeX Font Info:    Trying to load font information for OT1+pcr on input line 3
.

(C:\Users\csasd\AppData\Local\Programs\MiKTeX\tex/latex/psnfss\ot1pcr.fd
File: ot1pcr.fd 2001/06/04 font definitions for OT1/pcr.
)
(code/keyword.txt)
(C:\Users\csasd\AppData\Local\Programs\MiKTeX\tex/latex/listings\lstlang1.sty
File: lstlang1.sty 2020/03/24 1.8d listings language file
)
(C:\Users\csasd\AppData\Local\Programs\MiKTeX\tex/latex/listings\lstlang1.sty
File: lstlang1.sty 2020/03/24 1.8d listings language file
)
(C:\Users\csasd\AppData\Local\Programs\MiKTeX\tex/latex/listings\lstmisc.sty
File: lstmisc.sty 2020/03/24 1.8d (Carsten Heinz)
)
(code/C++_basic.cc
LaTeX Font Info:    Font shape `OT1/pcr/m/it' in size <5.5> not available
(Font)              Font shape `OT1/pcr/m/sl' tried instead on input line 1.


LaTeX Font Warning: Font shape `C70/bsmi/m/it' undefined
(Font)              using `C70/bsmi/m/n' instead on input line 1.

) (code/C++_remind.txt)
(C:\Users\csasd\AppData\Local\Programs\MiKTeX\tex/latex/listings\lstlang1.sty
File: lstlang1.sty 2020/03/24 1.8d listings language file
)
(code/python.py

LaTeX Font Warning: Font shape `OT1/cmr/m/n' in size <5.5> not available
(Font)              size <5> substituted on input line 14.

[1{C:/Users/csasd/AppData/Local/MiKTeX/fonts/map/pdftex/pdftex.map}


])
(code/two_Josephus.cc) (code/Josephus.cc
Missing character: There is no ^^R in font bsmiu22!
Missing character: There is no * in font bsmiu4e!
Missing character: There is no ¥ in font bsmiu62!
Missing character: There is no p in font bsmiu65!
Missing character: There is no ¥ in font bsmiu62!
Missing character: There is no ö in font bsmiu65!
Missing character: There is no @ in font bsmiu67!
Missing character: There is no * in font bsmiu4e!
Missing character: There is no È in font bsmiu7e!
Missing character: There is no ^^V in font bsmiu7f!
Missing character: There is no ÷ in font bsmiu53!
Missing character: There is no ^^R in font bsmiu22!
Missing character: There is no * in font bsmiu4e!
Missing character: There is no ¥ in font bsmiu62!
Missing character: There is no p in font bsmiu65!
Missing character: There is no ¥ in font bsmiu62!
Missing character: There is no ö in font bsmiu65!
Missing character: There is no @ in font bsmiu67!
Missing character: There is no * in font bsmiu4e!
Missing character: There is no È in font bsmiu7e!
Missing character: There is no ^^V in font bsmiu7f!
Missing character: There is no ÷ in font bsmiu53!
) (code/kadane.cc) (code/LIS.cc [2]) (code/binary_search.cc) (code/DFS.cc)
(code/BFS.cc) (code/Floyd-Warshall.cc [3]) (code/Dijsktra.cc)
(code/Topological Ordering.cc [4]) (code/Kruskal.cc) (code/Segment Tree.cc
[5]) (code/Monotone_Queue.cc) (code/LCS.cc) (code/Binary_Search.cc)
(code/Binary_Tree.cc) (code/GCD.cc) [6] (code/Disjoint Set.cc)
(code/Kosaraju.cc) (code/Point.cc) (code/vector.cc
Missing character: There is no Ú in font bsmiu02!
Missing character: There is no Ú in font bsmiu02!
Missing character: There is no Ú in font bsmiu02!
Missing character: There is no Ú in font bsmiu02!
Missing character: There is no Ú in font bsmiu02!
Missing character: There is no Ú in font bsmiu02!
Missing character: There is no Ú in font bsmiu02!
Missing character: There is no Ú in font bsmiu02!
[7]) (code/Line.cc) (code/circumcenter.cc) (code/intersection_line_point.cc
[8]) (code/intersection.cc) (code/centroid.cc) (code/01_Knapsack_Problem.cc
[9]) (code/LCS_ologn.cc) (code/LIS.cc) (code/Josephus_problem.cc)
(code/floyd.cc
LaTeX Font Info:    Calculating math sizes for size <5.5> on input line 4.


LaTeX Font Warning: Font shape `OT1/cmr/m/n' in size <3.84998> not available
(Font)              size <5> substituted on input line 4.


LaTeX Font Warning: Font shape `OT1/cmr/m/n' in size <2.75> not available
(Font)              size <5> substituted on input line 4.


LaTeX Font Warning: Font shape `OML/cmm/m/it' in size <5.5> not available
(Font)              size <5> substituted on input line 4.


LaTeX Font Warning: Font shape `OML/cmm/m/it' in size <3.84998> not available
(Font)              size <5> substituted on input line 4.


LaTeX Font Warning: Font shape `OML/cmm/m/it' in size <2.75> not available
(Font)              size <5> substituted on input line 4.


LaTeX Font Warning: Font shape `OMS/cmsy/m/n' in size <5.5> not available
(Font)              size <5> substituted on input line 4.


LaTeX Font Warning: Font shape `OMS/cmsy/m/n' in size <3.84998> not available
(Font)              size <5> substituted on input line 4.


LaTeX Font Warning: Font shape `OMS/cmsy/m/n' in size <2.75> not available
(Font)              size <5> substituted on input line 4.

[10]) (code/kruskal.cc) (code/graph_theorm_find_bridge.cc)
(code/Topological_Ordering.cc [11]) (code/Component_Kosaraju_Algorithm.cc)
(code/Component_Tarjan_Algorithm.cc) (code/dijkstra.cc [12])
(code/Maximum_Bipartite_Matching.cc) (code/Disjoint_Set.cc)
(code/segment_tree.cc [13]) (code/KMP.cc) (code/Minimum_Edit_Distance.cc
[14]) (code/Suffix_Automaton.cc) (code/suffix_tree.cc [15]
Missing character: There is no ^^R in font bsmiu22!
LaTeX Font Info:    Trying to load font information for TS1+pcr on input line 6
1.
(C:\Users\csasd\AppData\Local\Programs\MiKTeX\tex/latex/psnfss\ts1pcr.fd
File: ts1pcr.fd 2001/06/04 font definitions for TS1/pcr.
)
LaTeX Font Info:    Font shape `TS1/pcr/m/it' in size <5.5> not available
(Font)              Font shape `TS1/pcr/m/sl' tried instead on input line 61.
))
[16] (notebook.aux)

LaTeX Font Warning: Size substitutions with differences
(Font)              up to 2.25pt have occurred.


LaTeX Font Warning: Some font shapes were not available, defaults substituted.


Package rerunfilecheck Warning: File `notebook.out' has changed.
(rerunfilecheck)                Rerun to get outlines right
(rerunfilecheck)                or use package `bookmark'.

Package rerunfilecheck Info: Checksums for `notebook.out':
(rerunfilecheck)             Before: 3D967A426159F7D1DCA1B9FF78940914;5785
(rerunfilecheck)             After:  90DE2DDE6B27CC4457C4E0FFCAF6E129;5882.
 ) 
Here is how much of TeX's memory you used:
 19258 strings out of 478582
 294908 string characters out of 2844344
 1639763 words of memory out of 3000000
 34323 multiletter control sequences out of 15000+600000
 539832 words of font info for 275 fonts, out of 8000000 for 9000
 1141 hyphenation exceptions out of 8191
 70i,13n,76p,393b,2110s stack positions out of 10000i,1000n,20000p,200000b,80000s

pdfTeX warning (dest): name{subsection.4.15} has been referenced but does not e
xist, replaced by a fixed one

{C:/Users/csasd/AppData/Local/Programs/MiKTeX/fonts/enc/dvips/base/8r.enc}<C:/U
sers/csasd/AppData/Local/Programs/MiKTeX/fonts/type1/arphic/bsmiu/bsmiu03.pfb><
C:/Users/csasd/AppData/Local/Programs/MiKTeX/fonts/type1/arphic/bsmiu/bsmiu22.p
fb><C:/Users/csasd/AppData/Local/Programs/MiKTeX/fonts/type1/arphic/bsmiu/bsmiu
30.pfb><C:/Users/csasd/AppData/Local/Programs/MiKTeX/fonts/type1/arphic/bsmiu/b
smiu4e.pfb><C:/Users/csasd/AppData/Local/Programs/MiKTeX/fonts/type1/arphic/bsm
iu/bsmiu4f.pfb><C:/Users/csasd/AppData/Local/Programs/MiKTeX/fonts/type1/arphic
/bsmiu/bsmiu50.pfb><C:/Users/csasd/AppData/Local/Programs/MiKTeX/fonts/type1/ar
phic/bsmiu/bsmiu51.pfb><C:/Users/csasd/AppData/Local/Programs/MiKTeX/fonts/type
1/arphic/bsmiu/bsmiu52.pfb><C:/Users/csasd/AppData/Local/Programs/MiKTeX/fonts/
type1/arphic/bsmiu/bsmiu53.pfb><C:/Users/csasd/AppData/Local/Programs/MiKTeX/fo
nts/type1/arphic/bsmiu/bsmiu54.pfb><C:/Users/csasd/AppData/Local/Programs/MiKTe
X/fonts/type1/arphic/bsmiu/bsmiu55.pfb><C:/Users/csasd/AppData/Local/Programs/M
iKTeX/fonts/type1/arphic/bsmiu/bsmiu56.pfb><C:/Users/csasd/AppData/Local/Progra
ms/MiKTeX/fonts/type1/arphic/bsmiu/bsmiu57.pfb><C:/Users/csasd/AppData/Local/Pr
ograms/MiKTeX/fonts/type1/arphic/bsmiu/bsmiu58.pfb><C:/Users/csasd/AppData/Loca
l/Programs/MiKTeX/fonts/type1/arphic/bsmiu/bsmiu59.pfb><C:/Users/csasd/AppData/
Local/Programs/MiKTeX/fonts/type1/arphic/bsmiu/bsmiu5b.pfb><C:/Users/csasd/AppD
ata/Local/Programs/MiKTeX/fonts/type1/arphic/bsmiu/bsmiu5c.pfb><C:/Users/csasd/
AppData/Local/Programs/MiKTeX/fonts/type1/arphic/bsmiu/bsmiu5d.pfb><C:/Users/cs
asd/AppData/Local/Programs/MiKTeX/fonts/type1/arphic/bsmiu/bsmiu5e.pfb><C:/User
s/csasd/AppData/Local/Programs/MiKTeX/fonts/type1/arphic/bsmiu/bsmiu5f.pfb><C:/
Users/csasd/AppData/Local/Programs/MiKTeX/fonts/type1/arphic/bsmiu/bsmiu60.pfb>
<C:/Users/csasd/AppData/Local/Programs/MiKTeX/fonts/type1/arphic/bsmiu/bsmiu61.
pfb><C:/Users/csasd/AppData/Local/Programs/MiKTeX/fonts/type1/arphic/bsmiu/bsmi
u62.pfb><C:/Users/csasd/AppData/Local/Programs/MiKTeX/fonts/type1/arphic/bsmiu/
bsmiu63.pfb><C:/Users/csasd/AppData/Local/Programs/MiKTeX/fonts/type1/arphic/bs
miu/bsmiu64.pfb><C:/Users/csasd/AppData/Local/Programs/MiKTeX/fonts/type1/arphi
c/bsmiu/bsmiu65.pfb><C:/Users/csasd/AppData/Local/Programs/MiKTeX/fonts/type1/a
rphic/bsmiu/bsmiu66.pfb><C:/Users/csasd/AppData/Local/Programs/MiKTeX/fonts/typ
e1/arphic/bsmiu/bsmiu67.pfb><C:/Users/csasd/AppData/Local/Programs/MiKTeX/fonts
/type1/arphic/bsmiu/bsmiu68.pfb><C:/Users/csasd/AppData/Local/Programs/MiKTeX/f
onts/type1/arphic/bsmiu/bsmiu69.pfb><C:/Users/csasd/AppData/Local/Programs/MiKT
eX/fonts/type1/arphic/bsmiu/bsmiu6a.pfb><C:/Users/csasd/AppData/Local/Programs/
MiKTeX/fonts/type1/arphic/bsmiu/bsmiu6b.pfb><C:/Users/csasd/AppData/Local/Progr
ams/MiKTeX/fonts/type1/arphic/bsmiu/bsmiu6c.pfb><C:/Users/csasd/AppData/Local/P
rograms/MiKTeX/fonts/type1/arphic/bsmiu/bsmiu6d.pfb><C:/Users/csasd/AppData/Loc
al/Programs/MiKTeX/fonts/type1/arphic/bsmiu/bsmiu6e.pfb><C:/Users/csasd/AppData
/Local/Programs/MiKTeX/fonts/type1/arphic/bsmiu/bsmiu6f.pfb><C:/Users/csasd/App
Data/Local/Programs/MiKTeX/fonts/type1/arphic/bsmiu/bsmiu70.pfb><C:/Users/csasd
/AppData/Local/Programs/MiKTeX/fonts/type1/arphic/bsmiu/bsmiu71.pfb><C:/Users/c
sasd/AppData/Local/Programs/MiKTeX/fonts/type1/arphic/bsmiu/bsmiu72.pfb><C:/Use
rs/csasd/AppData/Local/Programs/MiKTeX/fonts/type1/arphic/bsmiu/bsmiu73.pfb><C:
/Users/csasd/AppData/Local/Programs/MiKTeX/fonts/type1/arphic/bsmiu/bsmiu74.pfb
><C:/Users/csasd/AppData/Local/Programs/MiKTeX/fonts/type1/arphic/bsmiu/bsmiu75
.pfb><C:/Users/csasd/AppData/Local/Programs/MiKTeX/fonts/type1/arphic/bsmiu/bsm
iu76.pfb><C:/Users/csasd/AppData/Local/Programs/MiKTeX/fonts/type1/arphic/bsmiu
/bsmiu77.pfb><C:/Users/csasd/AppData/Local/Programs/MiKTeX/fonts/type1/arphic/b
smiu/bsmiu78.pfb><C:/Users/csasd/AppData/Local/Programs/MiKTeX/fonts/type1/arph
ic/bsmiu/bsmiu79.pfb><C:/Users/csasd/AppData/Local/Programs/MiKTeX/fonts/type1/
arphic/bsmiu/bsmiu7a.pfb><C:/Users/csasd/AppData/Local/Programs/MiKTeX/fonts/ty
pe1/arphic/bsmiu/bsmiu7b.pfb><C:/Users/csasd/AppData/Local/Programs/MiKTeX/font
s/type1/arphic/bsmiu/bsmiu7c.pfb><C:/Users/csasd/AppData/Local/Programs/MiKTeX/
fonts/type1/arphic/bsmiu/bsmiu7d.pfb><C:/Users/csasd/AppData/Local/Programs/MiK
TeX/fonts/type1/arphic/bsmiu/bsmiu7e.pfb><C:/Users/csasd/AppData/Local/Programs
/MiKTeX/fonts/type1/arphic/bsmiu/bsmiu7f.pfb><C:/Users/csasd/AppData/Local/Prog
rams/MiKTeX/fonts/type1/arphic/bsmiu/bsmiu80.pfb><C:/Users/csasd/AppData/Local/
Programs/MiKTeX/fonts/type1/arphic/bsmiu/bsmiu81.pfb><C:/Users/csasd/AppData/Lo
cal/Programs/MiKTeX/fonts/type1/arphic/bsmiu/bsmiu82.pfb><C:/Users/csasd/AppDat
a/Local/Programs/MiKTeX/fonts/type1/arphic/bsmiu/bsmiu84.pfb><C:/Users/csasd/Ap
pData/Local/Programs/MiKTeX/fonts/type1/arphic/bsmiu/bsmiu85.pfb><C:/Users/csas
d/AppData/Local/Programs/MiKTeX/fonts/type1/arphic/bsmiu/bsmiu86.pfb><C:/Users/
csasd/AppData/Local/Programs/MiKTeX/fonts/type1/arphic/bsmiu/bsmiu88.pfb><C:/Us
ers/csasd/AppData/Local/Programs/MiKTeX/fonts/type1/arphic/bsmiu/bsmiu89.pfb><C
:/Users/csasd/AppData/Local/Programs/MiKTeX/fonts/type1/arphic/bsmiu/bsmiu8a.pf
b><C:/Users/csasd/AppData/Local/Programs/MiKTeX/fonts/type1/arphic/bsmiu/bsmiu8
b.pfb><C:/Users/csasd/AppData/Local/Programs/MiKTeX/fonts/type1/arphic/bsmiu/bs
miu8c.pfb><C:/Users/csasd/AppData/Local/Programs/MiKTeX/fonts/type1/arphic/bsmi
u/bsmiu8d.pfb><C:/Users/csasd/AppData/Local/Programs/MiKTeX/fonts/type1/arphic/
bsmiu/bsmiu8e.pfb><C:/Users/csasd/AppData/Local/Programs/MiKTeX/fonts/type1/arp
hic/bsmiu/bsmiu8f.pfb><C:/Users/csasd/AppData/Local/Programs/MiKTeX/fonts/type1
/arphic/bsmiu/bsmiu90.pfb><C:/Users/csasd/AppData/Local/Programs/MiKTeX/fonts/t
ype1/arphic/bsmiu/bsmiu91.pfb><C:/Users/csasd/AppData/Local/Programs/MiKTeX/fon
ts/type1/arphic/bsmiu/bsmiu93.pfb><C:/Users/csasd/AppData/Local/Programs/MiKTeX
/fonts/type1/arphic/bsmiu/bsmiu95.pfb><C:/Users/csasd/AppData/Local/Programs/Mi
KTeX/fonts/type1/arphic/bsmiu/bsmiu96.pfb><C:/Users/csasd/AppData/Local/Program
s/MiKTeX/fonts/type1/arphic/bsmiu/bsmiu97.pfb><C:/Users/csasd/AppData/Local/Pro
grams/MiKTeX/fonts/type1/arphic/bsmiu/bsmiu98.pfb><C:/Users/csasd/AppData/Local
/Programs/MiKTeX/fonts/type1/arphic/bsmiu/bsmiu9a.pfb><C:/Users/csasd/AppData/L
ocal/Programs/MiKTeX/fonts/type1/arphic/bsmiu/bsmiu9b.pfb><C:/Users/csasd/AppDa
ta/Local/Programs/MiKTeX/fonts/type1/arphic/bsmiu/bsmiu9e.pfb><C:/Users/csasd/A
ppData/Local/Programs/MiKTeX/fonts/type1/arphic/bsmiu/bsmiuff.pfb><C:/Users/csa
sd/AppData/Local/Programs/MiKTeX/fonts/type1/public/amsfonts/cm/cmbx12.pfb><C:/
Users/csasd/AppData/Local/Programs/MiKTeX/fonts/type1/public/amsfonts/cm/cmbx8.
pfb><C:/Users/csasd/AppData/Local/Programs/MiKTeX/fonts/type1/public/amsfonts/c
m/cmmi5.pfb><C:/Users/csasd/AppData/Local/Programs/MiKTeX/fonts/type1/public/am
sfonts/cm/cmr10.pfb><C:/Users/csasd/AppData/Local/Programs/MiKTeX/fonts/type1/p
ublic/amsfonts/cm/cmr12.pfb><C:/Users/csasd/AppData/Local/Programs/MiKTeX/fonts
/type1/public/amsfonts/cm/cmr5.pfb><C:/Users/csasd/AppData/Local/Programs/MiKTe
X/fonts/type1/public/amsfonts/cm/cmr8.pfb><C:/Users/csasd/AppData/Local/Program
s/MiKTeX/fonts/type1/urw/courier/ucrb8a.pfb><C:/Users/csasd/AppData/Local/Progr
ams/MiKTeX/fonts/type1/urw/courier/ucrr8a.pfb><C:/Users/csasd/AppData/Local/Pro
grams/MiKTeX/fonts/type1/urw/courier/ucrro8a.pfb>
Output written on notebook.pdf (16 pages, 1251097 bytes).
PDF statistics:
 3665 PDF objects out of 4296 (max. 8388607)
 2389 named destinations out of 2487 (max. 500000)
 761 words of extra memory for PDF output out of 10000 (max. 10000000)

